2020-10-27 00:01:56.419  INFO 2424 --- [main] c.s.p.PersonalBlogApplication            : Starting PersonalBlogApplication on m with PID 2424 (D:\myblog-mybatis\target\classes started by 　　　 in D:\myblog-mybatis)
2020-10-27 00:01:56.475 DEBUG 2424 --- [main] c.s.p.PersonalBlogApplication            : Running with Spring Boot v2.3.4.RELEASE, Spring v5.2.9.RELEASE
2020-10-27 00:01:56.482  INFO 2424 --- [main] c.s.p.PersonalBlogApplication            : No active profile set, falling back to default profiles: default
2020-10-27 00:01:58.833  INFO 2424 --- [main] o.s.b.w.embedded.tomcat.TomcatWebServer  : Tomcat initialized with port(s): 8080 (http)
2020-10-27 00:01:58.847  INFO 2424 --- [main] o.apache.catalina.core.StandardService   : Starting service [Tomcat]
2020-10-27 00:01:58.848  INFO 2424 --- [main] org.apache.catalina.core.StandardEngine  : Starting Servlet engine: [Apache Tomcat/9.0.38]
2020-10-27 00:01:58.977  INFO 2424 --- [main] o.a.c.c.C.[Tomcat].[localhost].[/]       : Initializing Spring embedded WebApplicationContext
2020-10-27 00:01:58.979  INFO 2424 --- [main] w.s.c.ServletWebServerApplicationContext : Root WebApplicationContext: initialization completed in 2363 ms
2020-10-27 00:02:00.090  INFO 2424 --- [main] o.s.s.concurrent.ThreadPoolTaskExecutor  : Initializing ExecutorService 'applicationTaskExecutor'
2020-10-27 00:02:00.459  INFO 2424 --- [main] o.s.b.a.w.s.WelcomePageHandlerMapping    : Adding welcome page template: index
2020-10-27 00:02:01.746  INFO 2424 --- [main] o.s.b.w.embedded.tomcat.TomcatWebServer  : Tomcat started on port(s): 8080 (http) with context path ''
2020-10-27 00:02:01.785  INFO 2424 --- [main] c.s.p.PersonalBlogApplication            : Started PersonalBlogApplication in 6.682 seconds (JVM running for 8.201)
2020-10-27 00:03:34.412  INFO 2424 --- [http-nio-8080-exec-1] o.a.c.c.C.[Tomcat].[localhost].[/]       : Initializing Spring DispatcherServlet 'dispatcherServlet'
2020-10-27 00:03:34.412  INFO 2424 --- [http-nio-8080-exec-1] o.s.web.servlet.DispatcherServlet        : Initializing Servlet 'dispatcherServlet'
2020-10-27 00:03:34.431  INFO 2424 --- [http-nio-8080-exec-1] o.s.web.servlet.DispatcherServlet        : Completed initialization in 18 ms
2020-10-27 00:03:40.558  INFO 2424 --- [http-nio-8080-exec-5] com.zaxxer.hikari.HikariDataSource       : HikariPool-1 - Starting...
2020-10-27 00:03:40.949  INFO 2424 --- [http-nio-8080-exec-5] com.zaxxer.hikari.HikariDataSource       : HikariPool-1 - Start completed.
2020-10-27 00:03:41.046 DEBUG 2424 --- [http-nio-8080-exec-5] c.s.p.d.U.queryByUsernameAndPassword     : ==>  Preparing: select id from blog.t_user where username = ? and password = ?;
2020-10-27 00:03:41.114 DEBUG 2424 --- [http-nio-8080-exec-5] c.s.p.d.U.queryByUsernameAndPassword     : ==> Parameters: admin(String), 21232f297a57a5a743894a0e4a801fc3(String)
2020-10-27 00:03:41.177 DEBUG 2424 --- [http-nio-8080-exec-5] c.s.p.d.U.queryByUsernameAndPassword     : <==      Total: 1
